<?xml version="1.0" encoding="UTF-8"?>
<!-- Generated by org.testng.reporters.JUnitReportReporter -->
<testsuite hostname="LAPTOP-00LJ2F6F" failures="0" tests="1" name="com.simplilearn.Ph4SeleniumDocker.FlipKartApp" time="39.308" errors="0" timestamp="2022-08-19T11:17:37 GMT-06:00" skipped="0">
  <testcase classname="com.simplilearn.Ph4SeleniumDocker.FlipKartApp" name="testFlipkart" time="39.308"/>
  <system-out/>
</testsuite> <!-- com.simplilearn.Ph4SeleniumDocker.FlipKartApp -->
